<?xml version="1.0" encoding="UTF-8"?>
<testng-results ignored="0" total="1" passed="1" failed="0" skipped="0">
  <reporter-output>
  </reporter-output>
  <suite started-at="2022-12-25T10:46:35 IST" name="Suite" finished-at="2022-12-25T10:47:26 IST" duration-ms="50651">
    <groups>
    </groups>
    <test started-at="2022-12-25T10:46:35 IST" name="test" finished-at="2022-12-25T10:47:26 IST" duration-ms="50651">
      <class name="ai.Dalalnew.TestLayer.LoginPageTest">
        <test-method is-config="true" signature="start()[pri:0, instance:ai.Dalalnew.TestLayer.LoginPageTest@16293aa2]" started-at="2022-12-25T10:46:35 IST" name="start" finished-at="2022-12-25T10:46:36 IST" duration-ms="659" status="PASS">
          <reporter-output>
          </reporter-output>
        </test-method> <!-- start -->
        <test-method is-config="true" signature="setup(java.lang.String)[pri:0, instance:ai.Dalalnew.TestLayer.LoginPageTest@16293aa2]" started-at="2022-12-25T10:46:36 IST" name="setup" finished-at="2022-12-25T10:47:05 IST" duration-ms="29462" status="PASS">
          <params>
            <param index="0">
              <value>
                <![CDATA[chrome]]>
              </value>
            </param>
          </params>
          <reporter-output>
          </reporter-output>
        </test-method> <!-- setup -->
        <test-method signature="verifyLogin()[pri:0, instance:ai.Dalalnew.TestLayer.LoginPageTest@16293aa2]" started-at="2022-12-25T10:47:05 IST" name="verifyLogin" finished-at="2022-12-25T10:47:17 IST" duration-ms="11967" status="PASS">
          <reporter-output>
          </reporter-output>
        </test-method> <!-- verifyLogin -->
        <test-method is-config="true" signature="teardown()[pri:0, instance:ai.Dalalnew.TestLayer.LoginPageTest@16293aa2]" started-at="2022-12-25T10:47:17 IST" name="teardown" finished-at="2022-12-25T10:47:26 IST" duration-ms="8439" status="PASS">
          <reporter-output>
          </reporter-output>
        </test-method> <!-- teardown -->
        <test-method is-config="true" signature="end()[pri:0, instance:ai.Dalalnew.TestLayer.LoginPageTest@16293aa2]" started-at="2022-12-25T10:47:26 IST" name="end" finished-at="2022-12-25T10:47:26 IST" duration-ms="2" status="PASS">
          <reporter-output>
          </reporter-output>
        </test-method> <!-- end -->
      </class> <!-- ai.Dalalnew.TestLayer.LoginPageTest -->
    </test> <!-- test -->
  </suite> <!-- Suite -->
</testng-results>
